<?xml version="1.0" encoding="UTF-8"?>
<!-- Generated by org.testng.reporters.JUnitXMLReporter -->
<testsuite hostname="Lenovo-PC" ignored="0" name="Test" tests="1" failures="0" timestamp="16 Mar 2018 05:22:49 GMT" time="0.02" errors="0">
  <testcase name="@BeforeSuite beforeSuite" time="0.18" classname="webDriverPrograms.CommonPrograms">
    <failure type="java.lang.IllegalStateException" message="The driver executable does not exist: E:\jar-libraries\geckodriver-v0.19.0-win64\geckodriver.exe">
      <![CDATA[java.lang.IllegalStateException: The driver executable does not exist: E:\jar-libraries\geckodriver-v0.19.0-win64\geckodriver.exe
	at com.google.common.base.Preconditions.checkState(Preconditions.java:585)
	at org.openqa.selenium.remote.service.DriverService.checkExecutable(DriverService.java:136)
	at org.openqa.selenium.remote.service.DriverService.findExecutable(DriverService.java:131)
	at org.openqa.selenium.firefox.GeckoDriverService.access$100(GeckoDriverService.java:41)
	at org.openqa.selenium.firefox.GeckoDriverService$Builder.findDefaultExecutable(GeckoDriverService.java:141)
	at org.openqa.selenium.remote.service.DriverService$Builder.build(DriverService.java:339)
	at org.openqa.selenium.firefox.FirefoxDriver.toExecutor(FirefoxDriver.java:158)
	at org.openqa.selenium.firefox.FirefoxDriver.<init>(FirefoxDriver.java:120)
	at org.openqa.selenium.firefox.FirefoxDriver.<init>(FirefoxDriver.java:98)
	at webDriverPrograms.CommonPrograms.beforeSuite(CommonPrograms.java:30)
... Removed 19 stack frames]]>
    </failure>
  </testcase> <!-- @BeforeSuite beforeSuite -->
  <testcase name="f" time="0.0" classname="webDriverPrograms.CommonPrograms">
    <skipped/>
  </testcase> <!-- f -->
</testsuite> <!-- Test -->
