<?xml version="1.0" encoding="UTF-8"?>
<testng-results skipped="0" failed="1" ignored="0" total="1" passed="0">
  <reporter-output>
  </reporter-output>
  <suite name="Default suite" duration-ms="3908" started-at="2018-03-16T06:13:27Z" finished-at="2018-03-16T06:13:31Z">
    <groups>
    </groups>
    <test name="Default test" duration-ms="3908" started-at="2018-03-16T06:13:27Z" finished-at="2018-03-16T06:13:31Z">
      <class name="webDriverPrograms.CommonPrograms">
        <test-method status="PASS" signature="beforeSuite()[pri:0, instance:webDriverPrograms.CommonPrograms@36d4b5c]" name="beforeSuite" is-config="true" duration-ms="3175" started-at="2018-03-16T11:43:24Z" finished-at="2018-03-16T11:43:27Z">
          <reporter-output>
          </reporter-output>
        </test-method> <!-- beforeSuite -->
        <test-method status="FAIL" signature="f()[pri:0, instance:webDriverPrograms.CommonPrograms@36d4b5c]" name="f" duration-ms="3893" started-at="2018-03-16T11:43:27Z" finished-at="2018-03-16T11:43:31Z">
          <exception class="java.lang.NoSuchMethodError">
            <message>
              <![CDATA[org.openqa.selenium.By.findElement(Lorg/openqa/selenium/SearchContext;)Lorg/openqa/selenium/WebElement;]]>
            </message>
            <full-stacktrace>
              <![CDATA[java.lang.NoSuchMethodError: org.openqa.selenium.By.findElement(Lorg/openqa/selenium/SearchContext;)Lorg/openqa/selenium/WebElement;
	at org.openqa.selenium.remote.RemoteWebDriver.findElement(RemoteWebDriver.java:363)
	at webDriverPrograms.CommonPrograms.f(CommonPrograms.java:23)
	at sun.reflect.NativeMethodAccessorImpl.invoke0(Native Method)
	at sun.reflect.NativeMethodAccessorImpl.invoke(NativeMethodAccessorImpl.java:62)
	at sun.reflect.DelegatingMethodAccessorImpl.invoke(DelegatingMethodAccessorImpl.java:43)
	at java.lang.reflect.Method.invoke(Method.java:498)
	at org.testng.internal.MethodInvocationHelper.invokeMethod(MethodInvocationHelper.java:108)
	at org.testng.internal.Invoker.invokeMethod(Invoker.java:661)
	at org.testng.internal.Invoker.invokeTestMethod(Invoker.java:869)
	at org.testng.internal.Invoker.invokeTestMethods(Invoker.java:1193)
	at org.testng.internal.TestMethodWorker.invokeTestMethods(TestMethodWorker.java:126)
	at org.testng.internal.TestMethodWorker.run(TestMethodWorker.java:109)
	at org.testng.TestRunner.privateRun(TestRunner.java:744)
	at org.testng.TestRunner.run(TestRunner.java:602)
	at org.testng.SuiteRunner.runTest(SuiteRunner.java:380)
	at org.testng.SuiteRunner.runSequentially(SuiteRunner.java:375)
	at org.testng.SuiteRunner.privateRun(SuiteRunner.java:340)
	at org.testng.SuiteRunner.run(SuiteRunner.java:289)
	at org.testng.SuiteRunnerWorker.runSuite(SuiteRunnerWorker.java:52)
	at org.testng.SuiteRunnerWorker.run(SuiteRunnerWorker.java:86)
	at org.testng.TestNG.runSuitesSequentially(TestNG.java:1301)
	at org.testng.TestNG.runSuitesLocally(TestNG.java:1226)
	at org.testng.TestNG.runSuites(TestNG.java:1144)
	at org.testng.TestNG.run(TestNG.java:1115)
	at org.testng.remote.AbstractRemoteTestNG.run(AbstractRemoteTestNG.java:132)
	at org.testng.remote.RemoteTestNG.initAndRun(RemoteTestNG.java:230)
	at org.testng.remote.RemoteTestNG.main(RemoteTestNG.java:76)
]]>
            </full-stacktrace>
          </exception> <!-- java.lang.NoSuchMethodError -->
          <reporter-output>
          </reporter-output>
        </test-method> <!-- f -->
        <test-method status="PASS" signature="afterSuite()[pri:0, instance:webDriverPrograms.CommonPrograms@36d4b5c]" name="afterSuite" is-config="true" duration-ms="1" started-at="2018-03-16T11:43:31Z" finished-at="2018-03-16T11:43:31Z">
          <reporter-output>
          </reporter-output>
        </test-method> <!-- afterSuite -->
      </class> <!-- webDriverPrograms.CommonPrograms -->
    </test> <!-- Default test -->
  </suite> <!-- Default suite -->
</testng-results>
